<?xml version="1.0" encoding="UTF-8"?>
<!-- Generated by org.testng.reporters.JUnitReportReporter -->
<testsuite hostname="Chitra" failures="0" tests="5" name="TestCases.AutomationTestLogin" time="74.610" errors="0" timestamp="2023-02-20T13:01:00 CST" skipped="0">
  <testcase classname="TestCases.AutomationTestLogin" name="TestCase1" time="10.199"/>
  <system-out/>
  <testcase classname="TestCases.AutomationTestLogin" name="TestCase2" time="15.204"/>
  <system-out/>
  <testcase classname="TestCases.AutomationTestLogin" name="TestCase3" time="19.912"/>
  <system-out/>
  <testcase classname="TestCases.AutomationTestLogin" name="TestCase4" time="14.017"/>
  <system-out/>
  <testcase classname="TestCases.AutomationTestLogin" name="TestCase5" time="15.278"/>
  <system-out/>
</testsuite> <!-- TestCases.AutomationTestLogin -->
